[0mGET / [36m304[0m 80.347 ms - -[0m
[0mGET /js/home_comments.js [36m304[0m 5.149 ms - -[0m
[0mGET /js/home_posts.js [36m304[0m 4.807 ms - -[0m
[0mGET /js/toggle_likes.js [36m304[0m 1.158 ms - -[0m
[0mGET /js/chat_engine.js [36m304[0m 1.189 ms - -[0m
[0mGET /images/stellar.jpg [36m304[0m 2.854 ms - -[0m
[0mGET /images/gradient-wallpaper.jpg [36m304[0m 3.231 ms - -[0m
[0mGET /images/gradient_bookeh_bg.jpg [36m304[0m 1.568 ms - -[0m
[0mGET /css/layout.css [32m200[0m 8.402 ms - 1577[0m
[0mGET /css/footer.css [32m200[0m 10.998 ms - 693[0m
[0mGET /css/header.css [32m200[0m 11.605 ms - 728[0m
[0mGET /css/chatbox.css [32m200[0m 9.051 ms - 1241[0m
[0mGET /user/login [32m200[0m 9.639 ms - 3427[0m
[0mGET /css/layout.css [36m304[0m 2.122 ms - -[0m
[0mGET /css/header.css [36m304[0m 2.468 ms - -[0m
[0mGET /js/chat_engine.js [36m304[0m 0.943 ms - -[0m
[0mGET /css/chatbox.css [36m304[0m 3.974 ms - -[0m
[0mGET /css/footer.css [36m304[0m 4.378 ms - -[0m
[0mGET /images/stellar.jpg [36m304[0m 1.439 ms - -[0m
[0mGET /images/gradient-wallpaper.jpg [36m304[0m 1.289 ms - -[0m
[0mGET /images/gradient_bookeh_bg.jpg [36m304[0m 1.801 ms - -[0m
[0mPOST /user/create-session [36m302[0m 64.858 ms - 66[0m
[0mGET /user/login [32m200[0m 16.119 ms - 3700[0m
[0mGET /css/layout.css [36m304[0m 1.038 ms - -[0m
[0mGET /css/header.css [36m304[0m 1.915 ms - -[0m
[0mGET /css/footer.css [36m304[0m 1.403 ms - -[0m
[0mGET /css/chatbox.css [36m304[0m 2.192 ms - -[0m
[0mGET /js/chat_engine.js [36m304[0m 0.909 ms - -[0m
[0mGET /images/stellar.jpg [36m304[0m 1.034 ms - -[0m
[0mGET /images/gradient-wallpaper.jpg [36m304[0m 0.861 ms - -[0m
[0mGET /images/gradient_bookeh_bg.jpg [36m304[0m 0.768 ms - -[0m
[0mPOST /user/create-session [36m302[0m 5.383 ms - 66[0m
[0mGET /user/login [36m304[0m 5.788 ms - -[0m
[0mGET /css/footer.css [36m304[0m 1.945 ms - -[0m
[0mGET /css/header.css [36m304[0m 2.265 ms - -[0m
[0mGET /css/layout.css [36m304[0m 3.926 ms - -[0m
[0mGET /js/chat_engine.js [36m304[0m 3.465 ms - -[0m
[0mGET /css/chatbox.css [36m304[0m 2.185 ms - -[0m
[0mGET /images/stellar.jpg [36m304[0m 1.974 ms - -[0m
[0mGET /images/gradient-wallpaper.jpg [36m304[0m 3.202 ms - -[0m
[0mGET /images/gradient_bookeh_bg.jpg [36m304[0m 0.765 ms - -[0m
[0mGET /user/reset_password [32m200[0m 154.106 ms - 3731[0m
[0mGET /css/layout.css [36m304[0m 1.905 ms - -[0m
[0mGET /css/header.css [36m304[0m 2.434 ms - -[0m
[0mGET /js/forgot_password.js [32m200[0m 6.348 ms - 424[0m
[0mGET /js/chat_engine.js [36m304[0m 5.965 ms - -[0m
[0mGET /css/footer.css [36m304[0m 1.225 ms - -[0m
[0mGET /css/chatbox.css [36m304[0m 1.674 ms - -[0m
[0mPOST /user/reset_password?accessToken=6acf2d9d75c8b50ae52389332e90020c231a43edd25f51dbb30147ed6bab52f8beab18741d4cfa44 [36m302[0m 115.567 ms - 66[0m
[0mGET /user/login [32m200[0m 8.082 ms - 3427[0m
[0mGET /css/layout.css [36m304[0m 2.582 ms - -[0m
[0mGET /js/chat_engine.js [36m304[0m 2.846 ms - -[0m
[0mGET /css/header.css [36m304[0m 3.158 ms - -[0m
[0mGET /css/chatbox.css [36m304[0m 4.844 ms - -[0m
[0mGET /css/footer.css [36m304[0m 5.232 ms - -[0m
[0mGET /images/stellar.jpg [36m304[0m 3.212 ms - -[0m
[0mGET /images/gradient-wallpaper.jpg [36m304[0m 1.740 ms - -[0m
[0mGET /images/gradient_bookeh_bg.jpg [36m304[0m 0.715 ms - -[0m
[0mPOST /user/create-session [36m302[0m 5.690 ms - 46[0m
[0mGET / [32m200[0m 34.044 ms - 7076[0m
[0mGET /css/layout.css [36m304[0m 1.490 ms - -[0m
[0mGET /css/header.css [36m304[0m 2.536 ms - -[0m
[0mGET /css/footer.css [36m304[0m 4.745 ms - -[0m
[0mGET /js/home_comments.js [36m304[0m 4.849 ms - -[0m
[0mGET /js/home_posts.js [36m304[0m 5.412 ms - -[0m
[0mGET /js/toggle_likes.js [36m304[0m 4.350 ms - -[0m
[0mGET /js/chat_engine.js [36m304[0m 2.522 ms - -[0m
[0mGET /css/chatbox.css [36m304[0m 1.622 ms - -[0m
[0mGET /images/stellar.jpg [36m304[0m 1.827 ms - -[0m
[0mGET /images/gradient-wallpaper.jpg [36m304[0m 3.277 ms - -[0m
[0mGET /images/gradient_bookeh_bg.jpg [36m304[0m 0.822 ms - -[0m
[0mPOST /posts/create [32m200[0m 62.461 ms - 297[0m
